Command line:
   Mux_TB_isim_beh.exe
     -simmode  gui
     -simrunnum  0
     -socket  57767

Tue Apr 26 21:00:17 2016


 Elaboration Time: 0.09375 sec

 Current Memory Usage: 839.643 Meg

 Total Signals          : 8
 Total Nets             : 97
 Total Signal Drivers   : 4
 Total Blocks           : 3
 Total Primitive Blocks : 2
 Total Processes        : 2
 Total Traceable Variables  : 8
 Total Scalar Nets and Variables : 457
Total Line Count : 8

 Total Simulation Time: 0.109375 sec

 Current Memory Usage: 1154.22 Meg

Tue Apr 26 21:00:59 2016

