Running: C:\Arq\14.7\ISE_DS\ISE\bin\nt64\unwrapped\fuse.exe -intstyle ise -incremental -o C:/Users/LuisaM/Documents/Universidad/Arq computadores/ProcesadorMonociclo/Alu_TB_isim_beh.exe -prj C:/Users/LuisaM/Documents/Universidad/Arq computadores/ProcesadorMonociclo/Alu_TB_beh.prj work.Alu_TB 
ISim P.20131013 (signature 0x7708f090)
Number of CPUs detected in this system: 4
Turning on mult-threading, number of parallel sub-compilation jobs: 8 
Determining compilation order of HDL files
Parsing VHDL file "C:/Users/LuisaM/Documents/Universidad/Arq computadores/ProcesadorMonociclo/ALU.vhd" into library work
Parsing VHDL file "C:/Users/LuisaM/Documents/Universidad/Arq computadores/ProcesadorMonociclo/Alu_TB.vhd" into library work
Starting static elaboration
Completed static elaboration
Compiling package standard
Compiling package std_logic_1164
Compiling package std_logic_arith
Compiling package std_logic_unsigned
Compiling architecture alu_arq of entity ALU [alu_default]
Compiling architecture behavior of entity alu_tb
Time Resolution for simulation is 1ps.
Waiting for 1 sub-compilation(s) to finish...
Compiled 7 VHDL Units
Built simulation executable C:/Users/LuisaM/Documents/Universidad/Arq computadores/ProcesadorMonociclo/Alu_TB_isim_beh.exe
Fuse Memory Usage: 33040 KB
Fuse CPU Usage: 1109 ms
