Command line:
   Seu_TB_isim_beh.exe
     -simmode  gui
     -simrunnum  0
     -socket  53511

Mon Apr 25 19:43:02 2016


 Elaboration Time: 0.078125 sec

 Current Memory Usage: 839.672 Meg

 Total Signals          : 4
 Total Nets             : 45
 Total Signal Drivers   : 2
 Total Blocks           : 3
 Total Primitive Blocks : 2
 Total Processes        : 2
 Total Traceable Variables  : 8
 Total Scalar Nets and Variables : 405
Total Line Count : 8

 Total Simulation Time: 0.078125 sec

 Current Memory Usage: 839.672 Meg

Mon Apr 25 19:43:11 2016

