Command line:
   TB_RF_isim_beh.exe
     -simmode  gui
     -simrunnum  0
     -socket  53253

Mon Apr 25 19:13:52 2016


 Elaboration Time: 0.09375 sec

 Current Memory Usage: 839.705 Meg

 Total Signals          : 15
 Total Nets             : 1392
 Total Signal Drivers   : 8
 Total Blocks           : 5
 Total Primitive Blocks : 4
 Total Processes        : 2
 Total Traceable Variables  : 10
 Total Scalar Nets and Variables : 1770
Total Line Count : 16

 Total Simulation Time: 0.140625 sec

 Current Memory Usage: 682.418 Meg

Mon Apr 25 19:26:46 2016

