Command line:
   NPC_TB_isim_beh.exe
     -simmode  gui
     -simrunnum  0
     -socket  53491

Mon Apr 25 19:41:28 2016


 Elaboration Time: 0.078125 sec

 Current Memory Usage: 839.614 Meg

 Total Signals          : 8
 Total Nets             : 66
 Total Signal Drivers   : 4
 Total Blocks           : 3
 Total Primitive Blocks : 2
 Total Processes        : 3
 Total Traceable Variables  : 9
 Total Scalar Nets and Variables : 427
Total Line Count : 17

 Total Simulation Time: 0.125 sec

 Current Memory Usage: 839.614 Meg

Mon Apr 25 19:41:40 2016

