Command line:
   UC_TB_isim_beh.exe
     -simmode  gui
     -simrunnum  0
     -socket  59432

Tue Apr 26 22:41:14 2016


 Elaboration Time: 0.09375 sec

 Current Memory Usage: 839.717 Meg

 Total Signals          : 6
 Total Nets             : 14
 Total Signal Drivers   : 3
 Total Blocks           : 5
 Total Primitive Blocks : 4
 Total Processes        : 2
 Total Traceable Variables  : 10
 Total Scalar Nets and Variables : 392
Total Line Count : 15

 Total Simulation Time: 0.171875 sec

 Current Memory Usage: 1311.58 Meg

Tue Apr 26 22:42:03 2016

